2025-01-30T04:00:45.994Z [error]: Erro na execução do comando SSH: options.stdin must be a valid string or readable stream{"generatedMessage":false,"code":"ERR_ASSERTION","actual":false,"expected":true,"operator":"==","stack":"AssertionError [ERR_ASSERTION]: options.stdin must be a valid string or readable stream\n    at NodeSSH.execCommand (/home/neoutilitario/node_modules/node-ssh/lib/cjs/index.js:271:30)\n    at executeRemoteCommand (/home/neoutilitario/server.js:639:30)\n    at process.processTicksAndRejections (node:internal/process/task_queues:95:5)\n    at async /home/neoutilitario/server.js:459:24"}
2025-01-30T04:00:45.996Z [error]: Erro ao parar serviço: options.stdin must be a valid string or readable stream{"generatedMessage":false,"code":"ERR_ASSERTION","actual":false,"expected":true,"operator":"==","stack":"AssertionError [ERR_ASSERTION]: options.stdin must be a valid string or readable stream\n    at NodeSSH.execCommand (/home/neoutilitario/node_modules/node-ssh/lib/cjs/index.js:271:30)\n    at executeRemoteCommand (/home/neoutilitario/server.js:639:30)\n    at process.processTicksAndRejections (node:internal/process/task_queues:95:5)\n    at async /home/neoutilitario/server.js:459:24"}
2025-01-30T04:00:58.958Z [error]: Erro na execução do comando SSH: config.username must be a valid string{"generatedMessage":false,"code":"ERR_ASSERTION","actual":false,"expected":true,"operator":"==","stack":"AssertionError [ERR_ASSERTION]: config.username must be a valid string\n    at NodeSSH.connect (/home/neoutilitario/node_modules/node-ssh/lib/cjs/index.js:130:30)\n    at executeRemoteCommand (/home/neoutilitario/server.js:635:19)\n    at /home/neoutilitario/server.js:1069:15\n    at process.processTicksAndRejections (node:internal/process/task_queues:95:5)"}
2025-01-30T04:00:58.959Z [error]: Erro no upload: config.username must be a valid string{"generatedMessage":false,"code":"ERR_ASSERTION","actual":false,"expected":true,"operator":"==","stack":"AssertionError [ERR_ASSERTION]: config.username must be a valid string\n    at NodeSSH.connect (/home/neoutilitario/node_modules/node-ssh/lib/cjs/index.js:130:30)\n    at executeRemoteCommand (/home/neoutilitario/server.js:635:19)\n    at /home/neoutilitario/server.js:1069:15\n    at process.processTicksAndRejections (node:internal/process/task_queues:95:5)"}
2025-01-30T04:04:40.191Z [error]: SSH stderr:
2025-01-30T04:04:40.194Z [error]: Erro no upload: scp: stat local "uploads/6ddf084ef845854681168990bb53d1bb": No such file or directory{"stack":"Error: scp: stat local \"uploads/6ddf084ef845854681168990bb53d1bb\": No such file or directory\n    at /home/neoutilitario/server.js:887:19\n    at process.processTicksAndRejections (node:internal/process/task_queues:95:5)"}
2025-01-30T04:08:53.399Z [error]: SSH stderr:
2025-01-30T04:08:53.403Z [error]: SSH stderr:
2025-01-30T04:08:53.405Z [error]: Erro ao parar serviço: sudo: a terminal is required to read the password; either use the -S option to read from standard input or configure an askpass helper
sudo: a password is required{"stack":"Error: sudo: a terminal is required to read the password; either use the -S option to read from standard input or configure an askpass helper\nsudo: a password is required\n    at /home/neoutilitario/server.js:868:19\n    at process.processTicksAndRejections (node:internal/process/task_queues:95:5)"}
2025-01-30T04:09:13.348Z [error]: SSH stderr:
2025-01-30T04:09:13.350Z [error]: Erro no upload: scp: stat local "/home/neoutilitario/uploads/NeoCorpWeb-3.8.9.99.ear": No such file or directory{"stack":"Error: scp: stat local \"/home/neoutilitario/uploads/NeoCorpWeb-3.8.9.99.ear\": No such file or directory\n    at /home/neoutilitario/server.js:921:19\n    at process.processTicksAndRejections (node:internal/process/task_queues:95:5)"}
2025-01-30T04:09:56.307Z [error]: SSH stderr:
2025-01-30T04:09:56.308Z [error]: SSH stderr:
2025-01-30T04:09:56.309Z [error]: Erro ao parar serviço: sudo: a terminal is required to read the password; either use the -S option to read from standard input or configure an askpass helper
sudo: a password is required{"stack":"Error: sudo: a terminal is required to read the password; either use the -S option to read from standard input or configure an askpass helper\nsudo: a password is required\n    at /home/neoutilitario/server.js:868:19\n    at process.processTicksAndRejections (node:internal/process/task_queues:95:5)"}
2025-01-30T04:11:23.422Z [error]: SSH stderr:
2025-01-30T04:11:23.431Z [error]: SSH stderr:
2025-01-30T04:11:23.433Z [error]: Erro ao parar serviço: [sudo] password for neo: sudo: cd: command not found
sudo: "cd" is a shell built-in command, it cannot be run directly.
sudo: the -s option may be used to run a privileged shell.
sudo: the -D option may be used to run a command in a specific directory.{"stack":"Error: [sudo] password for neo: sudo: cd: command not found\nsudo: \"cd\" is a shell built-in command, it cannot be run directly.\nsudo: the -s option may be used to run a privileged shell.\nsudo: the -D option may be used to run a command in a specific directory.\n    at /home/neoutilitario/server.js:871:19\n    at process.processTicksAndRejections (node:internal/process/task_queues:95:5)"}
2025-01-30T04:12:15.305Z [error]: SSH stderr:
2025-01-30T04:12:15.310Z [error]: Erro no upload: scp: stat local "/home/neoutilitario/uploads/NeoCorpWeb-3.8.9.99.ear": No such file or directory{"stack":"Error: scp: stat local \"/home/neoutilitario/uploads/NeoCorpWeb-3.8.9.99.ear\": No such file or directory\n    at /home/neoutilitario/server.js:918:19\n    at process.processTicksAndRejections (node:internal/process/task_queues:95:5)"}
2025-01-30T04:14:13.335Z [error]: SSH stderr:
2025-01-30T04:14:13.338Z [error]: Erro no upload: scp: stat local "/home/neoutilitario/uploads/NeoCorpWeb-3.8.9.99.ear": No such file or directory{"stack":"Error: scp: stat local \"/home/neoutilitario/uploads/NeoCorpWeb-3.8.9.99.ear\": No such file or directory\n    at /home/neoutilitario/server.js:924:19\n    at process.processTicksAndRejections (node:internal/process/task_queues:95:5)"}
2025-01-30T04:14:36.471Z [error]: SSH stderr:
2025-01-30T04:14:36.478Z [error]: Erro no upload: scp: stat local "/home/neoutilitario/uploads/NeoCorpWeb-3.8.9.99.ear": No such file or directory{"stack":"Error: scp: stat local \"/home/neoutilitario/uploads/NeoCorpWeb-3.8.9.99.ear\": No such file or directory\n    at /home/neoutilitario/server.js:924:19\n    at process.processTicksAndRejections (node:internal/process/task_queues:95:5)"}
2025-01-30T04:16:08.618Z [error]: SSH stderr:
2025-01-30T04:16:11.111Z [error]: Erro ao parar serviço: Glassfish validation failed: status: `stopped` is not a valid enum value for path `status`.{"errors":{"status":{"name":"ValidatorError","message":"`stopped` is not a valid enum value for path `status`.","properties":{"message":"`stopped` is not a valid enum value for path `status`.","type":"enum","enumValues":["active","inactive"],"path":"status","value":"stopped"},"kind":"enum","path":"status","value":"stopped"}},"_message":"Glassfish validation failed","stack":"ValidationError: Glassfish validation failed: status: `stopped` is not a valid enum value for path `status`.\n    at Document.invalidate (/home/neoutilitario/node_modules/mongoose/lib/document.js:3334:32)\n    at /home/neoutilitario/node_modules/mongoose/lib/document.js:3095:17\n    at /home/neoutilitario/node_modules/mongoose/lib/schemaType.js:1407:9\n    at process.processTicksAndRejections (node:internal/process/task_queues:77:11)"}
2025-01-30T04:18:09.815Z [error]: SSH stderr:
2025-01-30T04:18:31.618Z [error]: SSH stderr:
2025-01-30T04:18:31.620Z [error]: SSH stderr:
2025-01-30T04:18:31.621Z [error]: SSH stderr:
2025-01-30T04:18:31.622Z [error]: SSH stderr:
2025-01-30T04:18:31.622Z [error]: SSH stderr:
2025-01-30T04:18:31.623Z [error]: SSH stderr:
2025-01-30T04:18:31.624Z [error]: SSH stderr:
2025-01-30T04:18:31.625Z [error]: SSH stderr:
2025-01-30T04:18:31.625Z [error]: SSH stderr:
2025-01-30T04:18:31.626Z [error]: SSH stderr:
2025-01-30T04:18:31.626Z [error]: SSH stderr:
2025-01-30T04:18:31.627Z [error]: SSH stderr:
2025-01-30T04:18:31.627Z [error]: SSH stderr:
2025-01-30T04:18:31.627Z [error]: SSH stderr:
2025-01-30T04:18:31.628Z [error]: SSH stderr:
2025-01-30T04:18:31.628Z [error]: SSH stderr:
2025-01-30T04:18:31.629Z [error]: SSH stderr:
2025-01-30T04:18:31.629Z [error]: SSH stderr:
2025-01-30T04:18:31.629Z [error]: SSH stderr:
2025-01-30T04:19:48.691Z [error]: Erro no upload: Erro ao copiar arquivo{"stack":"Error: Erro ao copiar arquivo\n    at /home/neoutilitario/server.js:924:19\n    at process.processTicksAndRejections (node:internal/process/task_queues:95:5)"}
2025-01-30T04:21:14.183Z [error]: SSH stderr:
2025-01-30T04:24:13.299Z [error]: SSH stderr:
2025-01-30T04:24:18.925Z [error]: SSH stderr:
2025-01-30T04:24:18.926Z [error]: SSH stderr:
2025-01-30T04:24:18.927Z [error]: SSH stderr:
2025-01-30T04:24:18.927Z [error]: SSH stderr:
2025-01-30T04:24:18.927Z [error]: SSH stderr:
2025-01-30T04:24:18.929Z [error]: SSH stderr:
2025-01-30T04:24:18.929Z [error]: SSH stderr:
2025-01-30T04:24:18.929Z [error]: SSH stderr:
2025-01-30T04:24:18.930Z [error]: SSH stderr:
2025-01-30T04:24:18.930Z [error]: SSH stderr:
2025-01-30T04:24:18.933Z [error]: SSH stderr:
2025-01-30T04:24:18.933Z [error]: SSH stderr:
2025-01-30T04:24:18.933Z [error]: SSH stderr:
2025-01-30T04:24:18.933Z [error]: SSH stderr:
2025-01-30T04:24:18.933Z [error]: SSH stderr:
2025-01-30T04:24:18.934Z [error]: SSH stderr:
2025-01-30T04:24:18.934Z [error]: SSH stderr:
2025-01-30T04:24:18.934Z [error]: SSH stderr:
2025-01-30T04:24:18.934Z [error]: SSH stderr:
2025-01-30T04:24:18.935Z [error]: SSH stderr:
2025-01-30T04:24:18.935Z [error]: SSH stderr:
2025-01-30T04:24:18.935Z [error]: SSH stderr:
2025-01-30T04:24:18.936Z [error]: SSH stderr:
2025-01-30T04:24:18.936Z [error]: SSH stderr:
2025-01-30T04:24:18.936Z [error]: SSH stderr:
2025-01-30T04:24:18.936Z [error]: SSH stderr:
2025-01-30T04:25:16.389Z [error]: SSH stderr:
2025-01-30T04:25:16.404Z [error]: SSH stderr:
2025-01-30T04:25:16.407Z [error]: Erro no upload: [sudo] password for neo: chown: invalid user: ‘glassfish:glassfish’{"stack":"Error: [sudo] password for neo: chown: invalid user: ‘glassfish:glassfish’\n    at /home/neoutilitario/server.js:941:19\n    at process.processTicksAndRejections (node:internal/process/task_queues:95:5)"}
2025-01-30T04:27:24.794Z [error]: SSH stderr:
2025-01-30T04:28:56.061Z [error]: SSH stderr:
2025-01-30T04:30:46.891Z [error]: SSH stderr:
2025-01-30T04:31:32.286Z [error]: SSH stderr:
2025-01-30T04:31:32.459Z [error]: SSH stderr:
2025-01-30T04:31:32.652Z [error]: SSH stderr:
2025-01-30T04:31:32.836Z [error]: SSH stderr:
2025-01-30T04:33:33.629Z [error]: SSH stderr:
2025-01-30T04:34:05.266Z [error]: SSH stderr:
2025-01-30T04:39:45.534Z [error]: SSH stderr:
2025-01-30T04:39:45.534Z [error]: SSH stderr:
2025-01-30T04:39:45.535Z [error]: SSH stderr:
2025-01-30T04:39:45.536Z [error]: SSH stderr:
2025-01-30T04:39:45.536Z [error]: SSH stderr:
2025-01-30T04:39:45.536Z [error]: SSH stderr:
2025-01-30T04:39:45.536Z [error]: SSH stderr:
2025-01-30T04:39:45.537Z [error]: SSH stderr:
2025-01-30T04:39:45.537Z [error]: SSH stderr:
2025-01-30T04:39:45.537Z [error]: SSH stderr:
2025-01-30T04:39:45.538Z [error]: SSH stderr:
2025-01-30T04:41:01.280Z [error]: Erro ao iniciar serviço: Glassfish validation failed: status: `running` is not a valid enum value for path `status`.{"errors":{"status":{"name":"ValidatorError","message":"`running` is not a valid enum value for path `status`.","properties":{"message":"`running` is not a valid enum value for path `status`.","type":"enum","enumValues":["active","inactive","stopped"],"path":"status","fullPath":"status","value":"running"},"kind":"enum","path":"status","value":"running"}},"_message":"Glassfish validation failed","stack":"ValidationError: Glassfish validation failed: status: `running` is not a valid enum value for path `status`.\n    at Document.invalidate (/home/neoutilitario/node_modules/mongoose/lib/document.js:3334:32)\n    at /home/neoutilitario/node_modules/mongoose/lib/document.js:3095:17\n    at /home/neoutilitario/node_modules/mongoose/lib/schemaType.js:1407:9\n    at process.processTicksAndRejections (node:internal/process/task_queues:77:11)"}
2025-01-30T04:41:34.572Z [error]: Erro ao iniciar serviço: Glassfish validation failed: status: `running` is not a valid enum value for path `status`.{"errors":{"status":{"name":"ValidatorError","message":"`running` is not a valid enum value for path `status`.","properties":{"message":"`running` is not a valid enum value for path `status`.","type":"enum","enumValues":["active","inactive","stopped"],"path":"status","value":"running"},"kind":"enum","path":"status","value":"running"}},"_message":"Glassfish validation failed","stack":"ValidationError: Glassfish validation failed: status: `running` is not a valid enum value for path `status`.\n    at Document.invalidate (/home/neoutilitario/node_modules/mongoose/lib/document.js:3334:32)\n    at /home/neoutilitario/node_modules/mongoose/lib/document.js:3095:17\n    at /home/neoutilitario/node_modules/mongoose/lib/schemaType.js:1407:9\n    at process.processTicksAndRejections (node:internal/process/task_queues:77:11)"}
2025-01-30T04:42:30.168Z [error]: SSH stderr:
2025-01-30T04:43:30.835Z [error]: Erro ao iniciar serviço: Glassfish validation failed: status: `running` is not a valid enum value for path `status`.{"errors":{"status":{"name":"ValidatorError","message":"`running` is not a valid enum value for path `status`.","properties":{"message":"`running` is not a valid enum value for path `status`.","type":"enum","enumValues":["active","inactive","stopped"],"path":"status","value":"running"},"kind":"enum","path":"status","value":"running"}},"_message":"Glassfish validation failed","stack":"ValidationError: Glassfish validation failed: status: `running` is not a valid enum value for path `status`.\n    at Document.invalidate (/home/neoutilitario/node_modules/mongoose/lib/document.js:3334:32)\n    at /home/neoutilitario/node_modules/mongoose/lib/document.js:3095:17\n    at /home/neoutilitario/node_modules/mongoose/lib/schemaType.js:1407:9\n    at process.processTicksAndRejections (node:internal/process/task_queues:77:11)"}
2025-01-30T04:44:39.044Z [error]: SSH stderr:
2025-01-30T04:46:02.539Z [error]: SSH stderr:
2025-01-30T04:46:38.383Z [error]: SSH stderr:
